<?xml version="1.0" encoding="UTF-8"?>
<testsuites name="UpdateTransaction" time="28" tests="1" failures="0" errors="0">
   <testsuite name="UpdateTransaction" tests="1" failures="0" errors="0" time="28" timestamp="2018-05-10 14:05:00" hostname="MSI-GE72VR - 10.80.125.96" id="Test Suites/UpdateTransaction">
      <properties>
         <property name="deviceName" value=""/>
         <property name="devicePlatform" value=""/>
         <property name="logFolder" value="C:\\Users\\MSI-GE72VR\\git\\Project234-Katalon\\Reports\\UpdateTransaction\\20180510_140459"/>
         <property name="logFiles" value="C:\\Users\\MSI-GE72VR\\git\\Project234-Katalon\\Reports\\UpdateTransaction\\20180510_140459\\execution0.log"/>
         <property name="attachments" value=""/>
         <property name="hostName" value="MSI-GE72VR - 10.80.125.96"/>
         <property name="os" value="Windows 10 64bit"/>
         <property name="katalonVersion" value="5.4.0.1"/>
         <property name="browser" value="Chrome 66.0.3359.139"/>
         <property name="hostAddress" value="10.80.125.96"/>
         <property name="sessionId" value="5efad0bb0e01d653fcf1e407a2dbfca7"/>
         <property name="seleniumVersion" value="3.7.1"/>
         <property name="proxyInformation" value="ProxyInformation{proxyOption=NO_PROXY, proxyServerType=HTTP, password=, proxyServerAddress=, proxyServerPort=0}"/>
         <property name="platform" value="Windows 10"/>
      </properties>
      <testcase name="Test Cases/TestUpdateTransaction" classname="Test Cases/TestUpdateTransaction" status="PASSED">
         <system-out><![CDATA[2018-05-10 14:05:00 - [TEST_CASE][PASSED] - Test Cases/TestUpdateTransaction: Test Cases/TestUpdateTransaction

2018-05-10 14:05:01 - [TEST_STEP][PASSED] - openBrowser: Browser is opened with url: ''

2018-05-10 14:05:04 - [MESSAGE][PASSED] - Browser is opened with url: ''

2018-05-10 14:05:04 - [TEST_STEP][PASSED] - navigateToUrl: Navigate to 'http://34.213.239.153:8086/' successfully

2018-05-10 14:05:09 - [MESSAGE][PASSED] - Navigate to 'http://34.213.239.153:8086/' successfully

2018-05-10 14:05:09 - [TEST_STEP][PASSED] - setText: Text 'admin' is set on object 'Object Repository/TestUpdateTransaction/input_username'

2018-05-10 14:05:09 - [MESSAGE][PASSED] - Text 'admin' is set on object 'Object Repository/TestUpdateTransaction/input_username'

2018-05-10 14:05:09 - [TEST_STEP][PASSED] - setText: Text 'admin' is set on object 'Object Repository/TestUpdateTransaction/input_password'

2018-05-10 14:05:09 - [MESSAGE][PASSED] - Text 'admin' is set on object 'Object Repository/TestUpdateTransaction/input_password'

2018-05-10 14:05:09 - [TEST_STEP][PASSED] - click: Object: 'Object Repository/TestUpdateTransaction/button_Login' is clicked on

2018-05-10 14:05:09 - [MESSAGE][PASSED] - Object: 'Object Repository/TestUpdateTransaction/button_Login' is clicked on

2018-05-10 14:05:09 - [TEST_STEP][PASSED] - click: Object: 'Object Repository/TestUpdateTransaction/a_Total Transaction' is clicked on

2018-05-10 14:05:10 - [MESSAGE][PASSED] - Object: 'Object Repository/TestUpdateTransaction/a_Total Transaction' is clicked on

2018-05-10 14:05:10 - [TEST_STEP][PASSED] - delay: Delayed 5 second(s)

2018-05-10 14:05:15 - [MESSAGE][PASSED] - Delayed 5 second(s)

2018-05-10 14:05:15 - [TEST_STEP][PASSED] - Statement - oldTotalPrice = com.kms.katalon.core.webui.keyword.WebUiBuiltInKeywords.getText(com.kms.katalon.core.testobject.ObjectRepository.findTestObject(TestUpdateTransaction/Old admin total price)): Text of object 'Object Repository/TestUpdateTransaction/Old admin total price' is: 'Total price: 562,320 THB'

2018-05-10 14:05:15 - [MESSAGE][PASSED] - Text of object 'Object Repository/TestUpdateTransaction/Old admin total price' is: 'Total price: 562,320 THB'

2018-05-10 14:05:15 - [TEST_STEP][PASSED] - Statement - oldTotalPrice = oldTotalPrice.replaceAll("Total price: ", ""): null

2018-05-10 14:05:15 - [TEST_STEP][PASSED] - Statement - println(oldTotalPrice): null

2018-05-10 14:05:15 - [TEST_STEP][PASSED] - Statement - oldTotalPrice = oldTotalPrice.replaceAll(" THB", ""): null

2018-05-10 14:05:15 - [TEST_STEP][PASSED] - Statement - println(oldTotalPrice): null

2018-05-10 14:05:15 - [TEST_STEP][PASSED] - Statement - oldTotalPrice = oldTotalPrice.replaceAll(",", ""): null

2018-05-10 14:05:15 - [TEST_STEP][PASSED] - Statement - println(oldTotalPrice): null

2018-05-10 14:05:15 - [TEST_STEP][PASSED] - Statement - oldTotalPrice = java.lang.Integer.parseInt(oldTotalPrice): null

2018-05-10 14:05:15 - [TEST_STEP][PASSED] - Statement - println(oldTotalPrice): null

2018-05-10 14:05:15 - [TEST_STEP][PASSED] - click: Object: 'Object Repository/TestUpdateTransaction/button_Logout' is clicked on

2018-05-10 14:05:15 - [MESSAGE][PASSED] - Object: 'Object Repository/TestUpdateTransaction/button_Logout' is clicked on

2018-05-10 14:05:15 - [TEST_STEP][PASSED] - setText: Text 'user' is set on object 'Object Repository/TestUpdateTransaction/input_username'

2018-05-10 14:05:16 - [MESSAGE][PASSED] - Text 'user' is set on object 'Object Repository/TestUpdateTransaction/input_username'

2018-05-10 14:05:16 - [TEST_STEP][PASSED] - setText: Text 'user' is set on object 'Object Repository/TestUpdateTransaction/input_password'

2018-05-10 14:05:16 - [MESSAGE][PASSED] - Text 'user' is set on object 'Object Repository/TestUpdateTransaction/input_password'

2018-05-10 14:05:16 - [TEST_STEP][PASSED] - click: Object: 'Object Repository/TestUpdateTransaction/button_Login' is clicked on

2018-05-10 14:05:16 - [MESSAGE][PASSED] - Object: 'Object Repository/TestUpdateTransaction/button_Login' is clicked on

2018-05-10 14:05:16 - [TEST_STEP][PASSED] - click: Object: 'Object Repository/TestUpdateTransaction/button_add to cart' is clicked on

2018-05-10 14:05:17 - [MESSAGE][PASSED] - Object: 'Object Repository/TestUpdateTransaction/button_add to cart' is clicked on

2018-05-10 14:05:17 - [TEST_STEP][PASSED] - click: Object: 'Object Repository/TestUpdateTransaction/button_add to cart' is clicked on

2018-05-10 14:05:17 - [MESSAGE][PASSED] - Object: 'Object Repository/TestUpdateTransaction/button_add to cart' is clicked on

2018-05-10 14:05:17 - [TEST_STEP][PASSED] - click: Object: 'Object Repository/TestUpdateTransaction/cart' is clicked on

2018-05-10 14:05:17 - [MESSAGE][PASSED] - Object: 'Object Repository/TestUpdateTransaction/cart' is clicked on

2018-05-10 14:05:17 - [TEST_STEP][PASSED] - delay: Delayed 5 second(s)

2018-05-10 14:05:22 - [MESSAGE][PASSED] - Delayed 5 second(s)

2018-05-10 14:05:22 - [TEST_STEP][PASSED] - Statement - UserTotalPrice = com.kms.katalon.core.webui.keyword.WebUiBuiltInKeywords.getText(com.kms.katalon.core.testobject.ObjectRepository.findTestObject(TestUpdateTransaction/User total price)): Text of object 'Object Repository/TestUpdateTransaction/User total price' is: 'Total price: 20,150 THB'

2018-05-10 14:05:22 - [MESSAGE][PASSED] - Text of object 'Object Repository/TestUpdateTransaction/User total price' is: 'Total price: 20,150 THB'

2018-05-10 14:05:22 - [TEST_STEP][PASSED] - Statement - UserTotalPrice = UserTotalPrice.replaceAll("Total price: ", ""): null

2018-05-10 14:05:22 - [TEST_STEP][PASSED] - Statement - println(UserTotalPrice): null

2018-05-10 14:05:22 - [TEST_STEP][PASSED] - Statement - UserTotalPrice = UserTotalPrice.replaceAll(" THB", ""): null

2018-05-10 14:05:22 - [TEST_STEP][PASSED] - Statement - println(UserTotalPrice): null

2018-05-10 14:05:22 - [TEST_STEP][PASSED] - Statement - UserTotalPrice = UserTotalPrice.replaceAll(",", ""): null

2018-05-10 14:05:22 - [TEST_STEP][PASSED] - Statement - println(UserTotalPrice): null

2018-05-10 14:05:22 - [TEST_STEP][PASSED] - Statement - UserTotalPrice = java.lang.Integer.parseInt(UserTotalPrice): null

2018-05-10 14:05:22 - [TEST_STEP][PASSED] - Statement - println(UserTotalPrice): null

2018-05-10 14:05:22 - [TEST_STEP][PASSED] - click: Object: 'Object Repository/TestUpdateTransaction/button_confirm' is clicked on

2018-05-10 14:05:22 - [MESSAGE][PASSED] - Object: 'Object Repository/TestUpdateTransaction/button_confirm' is clicked on

2018-05-10 14:05:22 - [TEST_STEP][PASSED] - acceptAlert: Alert accepted

2018-05-10 14:05:22 - [MESSAGE][PASSED] - Alert accepted

2018-05-10 14:05:22 - [TEST_STEP][PASSED] - click: Object: 'Object Repository/TestUpdateTransaction/button_Logout' is clicked on

2018-05-10 14:05:22 - [MESSAGE][PASSED] - Object: 'Object Repository/TestUpdateTransaction/button_Logout' is clicked on

2018-05-10 14:05:22 - [TEST_STEP][PASSED] - delay: Delayed 5 second(s)

2018-05-10 14:05:28 - [MESSAGE][PASSED] - Delayed 5 second(s)

2018-05-10 14:05:28 - [TEST_STEP][PASSED] - setText: Text 'admin' is set on object 'Object Repository/TestUpdateTransaction/input_username'

2018-05-10 14:05:28 - [MESSAGE][PASSED] - Text 'admin' is set on object 'Object Repository/TestUpdateTransaction/input_username'

2018-05-10 14:05:28 - [TEST_STEP][PASSED] - setText: Text 'admin' is set on object 'Object Repository/TestUpdateTransaction/input_password'

2018-05-10 14:05:28 - [MESSAGE][PASSED] - Text 'admin' is set on object 'Object Repository/TestUpdateTransaction/input_password'

2018-05-10 14:05:28 - [TEST_STEP][PASSED] - click: Object: 'Object Repository/TestUpdateTransaction/button_Login' is clicked on

2018-05-10 14:05:28 - [MESSAGE][PASSED] - Object: 'Object Repository/TestUpdateTransaction/button_Login' is clicked on

2018-05-10 14:05:28 - [TEST_STEP][PASSED] - click: Object: 'Object Repository/TestUpdateTransaction/a_Total Transaction' is clicked on

2018-05-10 14:05:28 - [MESSAGE][PASSED] - Object: 'Object Repository/TestUpdateTransaction/a_Total Transaction' is clicked on

2018-05-10 14:05:28 - [TEST_STEP][PASSED] - Statement - NewTotalPrice = com.kms.katalon.core.webui.keyword.WebUiBuiltInKeywords.getText(com.kms.katalon.core.testobject.ObjectRepository.findTestObject(TestUpdateTransaction/New admin total price)): Text of object 'Object Repository/TestUpdateTransaction/New admin total price' is: 'Total price: 582,470 THB'

2018-05-10 14:05:28 - [MESSAGE][PASSED] - Text of object 'Object Repository/TestUpdateTransaction/New admin total price' is: 'Total price: 582,470 THB'

2018-05-10 14:05:28 - [TEST_STEP][PASSED] - Statement - NewTotalPrice = NewTotalPrice.replaceAll("Total price: ", ""): null

2018-05-10 14:05:28 - [TEST_STEP][PASSED] - Statement - println(NewTotalPrice): null

2018-05-10 14:05:28 - [TEST_STEP][PASSED] - Statement - NewTotalPrice = NewTotalPrice.replaceAll(" THB", ""): null

2018-05-10 14:05:28 - [TEST_STEP][PASSED] - Statement - println(NewTotalPrice): null

2018-05-10 14:05:28 - [TEST_STEP][PASSED] - Statement - NewTotalPrice = NewTotalPrice.replaceAll(",", ""): null

2018-05-10 14:05:28 - [TEST_STEP][PASSED] - Statement - println(NewTotalPrice): null

2018-05-10 14:05:28 - [TEST_STEP][PASSED] - Statement - NewTotalPrice = java.lang.Integer.parseInt(NewTotalPrice): null

2018-05-10 14:05:28 - [TEST_STEP][PASSED] - Statement - println(NewTotalPrice): null

2018-05-10 14:05:28 - [TEST_STEP][PASSED] - verifyEqual: Actual object '582,470' and expected object '582,470' are equal

2018-05-10 14:05:28 - [MESSAGE][PASSED] - Actual object '582,470' and expected object '582,470' are equal

2018-05-10 14:05:28 - [TEST_STEP][PASSED] - closeBrowser: Browser is closed

2018-05-10 14:05:29 - [MESSAGE][PASSED] - Browser is closed]]></system-out>
         <system-err><![CDATA[]]></system-err>
      </testcase>
      <system-out><![CDATA[2018-05-10 14:05:00 - [TEST_SUITE][PASSED] - UpdateTransaction: Test Cases/TestUpdateTransaction]]></system-out>
      <system-err><![CDATA[]]></system-err>
   </testsuite>
</testsuites>
