<?xml version="1.0" encoding="UTF-8"?>
<testsuites name="UserLoginTestSuite" time="13" tests="1" failures="0" errors="0">
   <testsuite name="UserLoginTestSuite" tests="1" failures="0" errors="0" time="13" timestamp="2018-05-08 17:17:57" hostname="MSI-GE72VR - 10.80.124.224" id="Test Suites/UserLoginTestSuite">
      <properties>
         <property name="deviceName" value=""/>
         <property name="devicePlatform" value=""/>
         <property name="logFolder" value="C:\\Users\\MSI-GE72VR\\git\\Project234-Katalon\\Reports\\UserLoginTestSuite\\20180508_171756"/>
         <property name="logFiles" value="C:\\Users\\MSI-GE72VR\\git\\Project234-Katalon\\Reports\\UserLoginTestSuite\\20180508_171756\\execution0.log"/>
         <property name="attachments" value=""/>
         <property name="hostName" value="MSI-GE72VR - 10.80.124.224"/>
         <property name="os" value="Windows 10 64bit"/>
         <property name="katalonVersion" value="5.4.0.1"/>
         <property name="browser" value="Chrome 66.0.3359.139"/>
         <property name="hostAddress" value="10.80.124.224"/>
         <property name="sessionId" value="c345ca0f90f7343cda025c05c0350df1"/>
         <property name="seleniumVersion" value="3.7.1"/>
         <property name="proxyInformation" value="ProxyInformation{proxyOption=NO_PROXY, proxyServerType=HTTP, password=, proxyServerAddress=, proxyServerPort=0}"/>
         <property name="platform" value="Windows 10"/>
      </properties>
      <testcase name="Test Cases/TestUserLogin" classname="Test Cases/TestUserLogin" status="PASSED">
         <system-out><![CDATA[2018-05-08 17:17:57 - [TEST_CASE][PASSED] - Test Cases/TestUserLogin: Test Cases/TestUserLogin

2018-05-08 17:17:57 - [TEST_STEP][PASSED] - openBrowser: Browser is opened with url: ''

2018-05-08 17:18:01 - [MESSAGE][PASSED] - Browser is opened with url: ''

2018-05-08 17:18:01 - [TEST_STEP][PASSED] - navigateToUrl: Navigate to 'http://34.213.239.153:8086/' successfully

2018-05-08 17:18:08 - [MESSAGE][PASSED] - Navigate to 'http://34.213.239.153:8086/' successfully

2018-05-08 17:18:08 - [TEST_STEP][PASSED] - setText: Text 'user' is set on object 'Object Repository/TestUserLogin/input_username'

2018-05-08 17:18:08 - [MESSAGE][PASSED] - Text 'user' is set on object 'Object Repository/TestUserLogin/input_username'

2018-05-08 17:18:08 - [TEST_STEP][PASSED] - setText: Text 'user' is set on object 'Object Repository/TestUserLogin/input_password'

2018-05-08 17:18:08 - [MESSAGE][PASSED] - Text 'user' is set on object 'Object Repository/TestUserLogin/input_password'

2018-05-08 17:18:08 - [TEST_STEP][PASSED] - click: Object: 'Object Repository/TestUserLogin/button_Login' is clicked on

2018-05-08 17:18:08 - [MESSAGE][PASSED] - Object: 'Object Repository/TestUserLogin/button_Login' is clicked on

2018-05-08 17:18:08 - [TEST_STEP][PASSED] - verifyElementText: Actual text and expected text of test object 'Object Repository/TestUserLogin/a_Products' are matched.

2018-05-08 17:18:09 - [MESSAGE][PASSED] - Actual text and expected text of test object 'Object Repository/TestUserLogin/a_Products' are matched.

2018-05-08 17:18:09 - [TEST_STEP][PASSED] - verifyElementText: Actual text and expected text of test object 'Object Repository/TestUserLogin/a_Carts' are matched.

2018-05-08 17:18:09 - [MESSAGE][PASSED] - Actual text and expected text of test object 'Object Repository/TestUserLogin/a_Carts' are matched.

2018-05-08 17:18:09 - [TEST_STEP][PASSED] - closeBrowser: Browser is closed

2018-05-08 17:18:10 - [MESSAGE][PASSED] - Browser is closed]]></system-out>
         <system-err><![CDATA[]]></system-err>
      </testcase>
      <system-out><![CDATA[2018-05-08 17:17:57 - [TEST_SUITE][PASSED] - UserLoginTestSuite: Test Cases/TestUserLogin]]></system-out>
      <system-err><![CDATA[]]></system-err>
   </testsuite>
</testsuites>
