<?xml version="1.0" encoding="UTF-8"?>
<testsuites name="AvailableProductTestSuite" time="19" tests="2" failures="0" errors="0">
   <testsuite name="AvailableProductTestSuite" tests="2" failures="0" errors="0" time="19" timestamp="2018-05-09 17:05:18" hostname="MSI-GE72VR - 10.80.126.42" id="Test Suites/AvailableProductTestSuite">
      <properties>
         <property name="deviceName" value=""/>
         <property name="devicePlatform" value=""/>
         <property name="logFolder" value="C:\\Users\\MSI-GE72VR\\git\\Project234-Katalon\\Reports\\AvailableProductTestSuite\\20180509_170517"/>
         <property name="logFiles" value="C:\\Users\\MSI-GE72VR\\git\\Project234-Katalon\\Reports\\AvailableProductTestSuite\\20180509_170517\\execution0.log"/>
         <property name="attachments" value=""/>
         <property name="hostName" value="MSI-GE72VR - 10.80.126.42"/>
         <property name="os" value="Windows 10 64bit"/>
         <property name="katalonVersion" value="5.4.0.1"/>
         <property name="browser" value="Chrome 66.0.3359.139"/>
         <property name="hostAddress" value="10.80.126.42"/>
         <property name="sessionId" value="283116f81e6aba9993aa7d75f010b724"/>
         <property name="seleniumVersion" value="3.7.1"/>
         <property name="proxyInformation" value="ProxyInformation{proxyOption=NO_PROXY, proxyServerType=HTTP, password=, proxyServerAddress=, proxyServerPort=0}"/>
         <property name="platform" value="Windows 10"/>
      </properties>
      <testcase name="Test Cases/TestAvailableProduct" classname="Test Cases/TestAvailableProduct" status="PASSED">
         <system-out><![CDATA[2018-05-09 17:05:18 - [TEST_CASE][PASSED] - Test Cases/TestAvailableProduct: Test Cases/TestAvailableProduct

2018-05-09 17:05:19 - [TEST_STEP][PASSED] - openBrowser: Browser is opened with url: ''

2018-05-09 17:05:22 - [MESSAGE][PASSED] - Browser is opened with url: ''

2018-05-09 17:05:22 - [TEST_STEP][PASSED] - navigateToUrl: Navigate to 'http://34.213.239.153:8086/' successfully

2018-05-09 17:05:26 - [MESSAGE][PASSED] - Navigate to 'http://34.213.239.153:8086/' successfully

2018-05-09 17:05:26 - [TEST_STEP][PASSED] - setText: Text 'user' is set on object 'Object Repository/TestAvailableProduct/input_username'

2018-05-09 17:05:27 - [MESSAGE][PASSED] - Text 'user' is set on object 'Object Repository/TestAvailableProduct/input_username'

2018-05-09 17:05:27 - [TEST_STEP][PASSED] - setText: Text 'user' is set on object 'Object Repository/TestAvailableProduct/input_password'

2018-05-09 17:05:27 - [MESSAGE][PASSED] - Text 'user' is set on object 'Object Repository/TestAvailableProduct/input_password'

2018-05-09 17:05:27 - [TEST_STEP][PASSED] - click: Object: 'Object Repository/TestAvailableProduct/button_Login' is clicked on

2018-05-09 17:05:27 - [MESSAGE][PASSED] - Object: 'Object Repository/TestAvailableProduct/button_Login' is clicked on

2018-05-09 17:05:27 - [TEST_STEP][PASSED] - verifyElementText: Actual text and expected text of test object 'Object Repository/TestAvailableProduct/h2_Products' are matched.

2018-05-09 17:05:28 - [MESSAGE][PASSED] - Actual text and expected text of test object 'Object Repository/TestAvailableProduct/h2_Products' are matched.

2018-05-09 17:05:28 - [TEST_STEP][PASSED] - verifyElementText: Actual text and expected text of test object 'Object Repository/TestAvailableProduct/h5_Garden' are matched.

2018-05-09 17:05:28 - [MESSAGE][PASSED] - Actual text and expected text of test object 'Object Repository/TestAvailableProduct/h5_Garden' are matched.

2018-05-09 17:05:28 - [TEST_STEP][PASSED] - verifyElementText: Actual text and expected text of test object 'Object Repository/TestAvailableProduct/h5_Banana' are matched.

2018-05-09 17:05:28 - [MESSAGE][PASSED] - Actual text and expected text of test object 'Object Repository/TestAvailableProduct/h5_Banana' are matched.

2018-05-09 17:05:28 - [TEST_STEP][PASSED] - verifyElementText: Actual text and expected text of test object 'Object Repository/TestAvailableProduct/h5_Orange' are matched.

2018-05-09 17:05:28 - [MESSAGE][PASSED] - Actual text and expected text of test object 'Object Repository/TestAvailableProduct/h5_Orange' are matched.

2018-05-09 17:05:28 - [TEST_STEP][PASSED] - verifyElementText: Actual text and expected text of test object 'Object Repository/TestAvailableProduct/h5_Papaya' are matched.

2018-05-09 17:05:28 - [MESSAGE][PASSED] - Actual text and expected text of test object 'Object Repository/TestAvailableProduct/h5_Papaya' are matched.

2018-05-09 17:05:28 - [TEST_STEP][PASSED] - verifyElementText: Actual text and expected text of test object 'Object Repository/TestAvailableProduct/h5_Rambutan' are matched.

2018-05-09 17:05:28 - [MESSAGE][PASSED] - Actual text and expected text of test object 'Object Repository/TestAvailableProduct/h5_Rambutan' are matched.

2018-05-09 17:05:28 - [TEST_STEP][PASSED] - closeBrowser: Browser is closed

2018-05-09 17:05:29 - [MESSAGE][PASSED] - Browser is closed]]></system-out>
         <system-err><![CDATA[]]></system-err>
      </testcase>
      <testcase name="Test Cases/TestAvailableProduct" classname="Test Cases/TestAvailableProduct" status="PASSED">
         <system-out><![CDATA[2018-05-09 17:05:29 - [TEST_CASE][PASSED] - Test Cases/TestAvailableProduct: Test Cases/TestAvailableProduct

2018-05-09 17:05:29 - [TEST_STEP][PASSED] - openBrowser: Browser is opened with url: ''

2018-05-09 17:05:31 - [MESSAGE][PASSED] - Browser is opened with url: ''

2018-05-09 17:05:31 - [TEST_STEP][PASSED] - navigateToUrl: Navigate to 'http://34.213.239.153:8086/' successfully

2018-05-09 17:05:35 - [MESSAGE][PASSED] - Navigate to 'http://34.213.239.153:8086/' successfully

2018-05-09 17:05:35 - [TEST_STEP][PASSED] - setText: Text 'admin' is set on object 'Object Repository/TestAvailableProduct/input_username'

2018-05-09 17:05:35 - [MESSAGE][PASSED] - Text 'admin' is set on object 'Object Repository/TestAvailableProduct/input_username'

2018-05-09 17:05:35 - [TEST_STEP][PASSED] - setText: Text 'admin' is set on object 'Object Repository/TestAvailableProduct/input_password'

2018-05-09 17:05:35 - [MESSAGE][PASSED] - Text 'admin' is set on object 'Object Repository/TestAvailableProduct/input_password'

2018-05-09 17:05:35 - [TEST_STEP][PASSED] - click: Object: 'Object Repository/TestAvailableProduct/button_Login' is clicked on

2018-05-09 17:05:35 - [MESSAGE][PASSED] - Object: 'Object Repository/TestAvailableProduct/button_Login' is clicked on

2018-05-09 17:05:35 - [TEST_STEP][PASSED] - verifyElementText: Actual text and expected text of test object 'Object Repository/TestAvailableProduct/h2_Products' are matched.

2018-05-09 17:05:36 - [MESSAGE][PASSED] - Actual text and expected text of test object 'Object Repository/TestAvailableProduct/h2_Products' are matched.

2018-05-09 17:05:36 - [TEST_STEP][PASSED] - verifyElementText: Actual text and expected text of test object 'Object Repository/TestAvailableProduct/h5_Garden' are matched.

2018-05-09 17:05:36 - [MESSAGE][PASSED] - Actual text and expected text of test object 'Object Repository/TestAvailableProduct/h5_Garden' are matched.

2018-05-09 17:05:36 - [TEST_STEP][PASSED] - verifyElementText: Actual text and expected text of test object 'Object Repository/TestAvailableProduct/h5_Banana' are matched.

2018-05-09 17:05:36 - [MESSAGE][PASSED] - Actual text and expected text of test object 'Object Repository/TestAvailableProduct/h5_Banana' are matched.

2018-05-09 17:05:36 - [TEST_STEP][PASSED] - verifyElementText: Actual text and expected text of test object 'Object Repository/TestAvailableProduct/h5_Orange' are matched.

2018-05-09 17:05:36 - [MESSAGE][PASSED] - Actual text and expected text of test object 'Object Repository/TestAvailableProduct/h5_Orange' are matched.

2018-05-09 17:05:36 - [TEST_STEP][PASSED] - verifyElementText: Actual text and expected text of test object 'Object Repository/TestAvailableProduct/h5_Papaya' are matched.

2018-05-09 17:05:37 - [MESSAGE][PASSED] - Actual text and expected text of test object 'Object Repository/TestAvailableProduct/h5_Papaya' are matched.

2018-05-09 17:05:37 - [TEST_STEP][PASSED] - verifyElementText: Actual text and expected text of test object 'Object Repository/TestAvailableProduct/h5_Rambutan' are matched.

2018-05-09 17:05:37 - [MESSAGE][PASSED] - Actual text and expected text of test object 'Object Repository/TestAvailableProduct/h5_Rambutan' are matched.

2018-05-09 17:05:37 - [TEST_STEP][PASSED] - closeBrowser: Browser is closed

2018-05-09 17:05:37 - [MESSAGE][PASSED] - Browser is closed]]></system-out>
         <system-err><![CDATA[]]></system-err>
      </testcase>
      <system-out><![CDATA[2018-05-09 17:05:18 - [TEST_SUITE][PASSED] - AvailableProductTestSuite: Test Cases/TestAvailableProduct]]></system-out>
      <system-err><![CDATA[]]></system-err>
   </testsuite>
</testsuites>
