<?xml version="1.0" encoding="UTF-8"?>
<testsuites name="PasswordRequiredTestSuite" time="8" tests="1" failures="0" errors="0">
   <testsuite name="PasswordRequiredTestSuite" tests="1" failures="0" errors="0" time="8" timestamp="2018-05-09 16:36:04" hostname="MSI-GE72VR - 10.80.126.42" id="Test Suites/PasswordRequiredTestSuite">
      <properties>
         <property name="deviceName" value=""/>
         <property name="devicePlatform" value=""/>
         <property name="logFolder" value="C:\\Users\\MSI-GE72VR\\git\\Project234-Katalon\\Reports\\PasswordRequiredTestSuite\\20180509_163602"/>
         <property name="logFiles" value="C:\\Users\\MSI-GE72VR\\git\\Project234-Katalon\\Reports\\PasswordRequiredTestSuite\\20180509_163602\\execution0.log"/>
         <property name="attachments" value=""/>
         <property name="hostName" value="MSI-GE72VR - 10.80.126.42"/>
         <property name="os" value="Windows 10 64bit"/>
         <property name="katalonVersion" value="5.4.0.1"/>
         <property name="browser" value="Chrome 66.0.3359.139"/>
         <property name="hostAddress" value="10.80.126.42"/>
         <property name="sessionId" value="c008155f3c9019283a3001750e997b88"/>
         <property name="seleniumVersion" value="3.7.1"/>
         <property name="proxyInformation" value="ProxyInformation{proxyOption=NO_PROXY, proxyServerType=HTTP, password=, proxyServerAddress=, proxyServerPort=0}"/>
         <property name="platform" value="Windows 10"/>
      </properties>
      <testcase name="Test Cases/TestRequirePassword" classname="Test Cases/TestRequirePassword" status="PASSED">
         <system-out><![CDATA[2018-05-09 16:36:04 - [TEST_CASE][PASSED] - Test Cases/TestRequirePassword: Test Cases/TestRequirePassword

2018-05-09 16:36:05 - [TEST_STEP][PASSED] - openBrowser: Browser is opened with url: ''

2018-05-09 16:36:07 - [MESSAGE][PASSED] - Browser is opened with url: ''

2018-05-09 16:36:07 - [TEST_STEP][PASSED] - navigateToUrl: Navigate to 'http://34.213.239.153:8086/' successfully

2018-05-09 16:36:12 - [MESSAGE][PASSED] - Navigate to 'http://34.213.239.153:8086/' successfully

2018-05-09 16:36:12 - [TEST_STEP][PASSED] - setText: Text 'admin' is set on object 'Object Repository/PasswordRequired/input_username'

2018-05-09 16:36:12 - [MESSAGE][PASSED] - Text 'admin' is set on object 'Object Repository/PasswordRequired/input_username'

2018-05-09 16:36:12 - [TEST_STEP][PASSED] - setText: Text '' is set on object 'Object Repository/TestIncorrectPassword/input_password'

2018-05-09 16:36:12 - [MESSAGE][PASSED] - Text '' is set on object 'Object Repository/TestIncorrectPassword/input_password'

2018-05-09 16:36:12 - [TEST_STEP][PASSED] - click: Object: 'Object Repository/PasswordRequired/button_Login' is clicked on

2018-05-09 16:36:12 - [MESSAGE][PASSED] - Object: 'Object Repository/PasswordRequired/button_Login' is clicked on

2018-05-09 16:36:12 - [TEST_STEP][PASSED] - verifyElementText: Actual text and expected text of test object 'Object Repository/PasswordRequired/label_Password is required' are matched.

2018-05-09 16:36:12 - [MESSAGE][PASSED] - Actual text and expected text of test object 'Object Repository/PasswordRequired/label_Password is required' are matched.

2018-05-09 16:36:12 - [TEST_STEP][PASSED] - closeBrowser: Browser is closed

2018-05-09 16:36:13 - [MESSAGE][PASSED] - Browser is closed]]></system-out>
         <system-err><![CDATA[]]></system-err>
      </testcase>
      <system-out><![CDATA[2018-05-09 16:36:04 - [TEST_SUITE][PASSED] - PasswordRequiredTestSuite: Test Cases/TestRequirePassword]]></system-out>
      <system-err><![CDATA[]]></system-err>
   </testsuite>
</testsuites>
