<?xml version="1.0" encoding="UTF-8"?>
<testsuites name="TestSuiteIncorrectPassword" time="14" tests="1" failures="0" errors="0">
   <testsuite name="TestSuiteIncorrectPassword" tests="1" failures="0" errors="0" time="14" timestamp="2018-05-08 16:27:48" hostname="MSI-GE72VR - 10.80.124.224" id="Test Suites/TestSuiteIncorrectPassword">
      <properties>
         <property name="deviceName" value=""/>
         <property name="devicePlatform" value=""/>
         <property name="logFolder" value="C:\\Users\\MSI-GE72VR\\git\\Project234-Katalon\\Reports\\TestSuiteIncorrectPassword\\20180508_162747"/>
         <property name="logFiles" value="C:\\Users\\MSI-GE72VR\\git\\Project234-Katalon\\Reports\\TestSuiteIncorrectPassword\\20180508_162747\\execution0.log"/>
         <property name="attachments" value=""/>
         <property name="hostName" value="MSI-GE72VR - 10.80.124.224"/>
         <property name="os" value="Windows 10 64bit"/>
         <property name="katalonVersion" value="5.4.0.1"/>
         <property name="browser" value="Chrome 66.0.3359.139"/>
         <property name="hostAddress" value="10.80.124.224"/>
         <property name="sessionId" value="518cd796118f4f8b3187c57bbccc6c34"/>
         <property name="seleniumVersion" value="3.7.1"/>
         <property name="proxyInformation" value="ProxyInformation{proxyOption=NO_PROXY, proxyServerType=HTTP, password=, proxyServerAddress=, proxyServerPort=0}"/>
         <property name="platform" value="Windows 10"/>
      </properties>
      <testcase name="Test Cases/TestIncorrectPasswordNotification" classname="Test Cases/TestIncorrectPasswordNotification" status="PASSED">
         <system-out><![CDATA[2018-05-08 16:27:48 - [TEST_CASE][PASSED] - Test Cases/TestIncorrectPasswordNotification: Test Cases/TestIncorrectPasswordNotification

2018-05-08 16:27:49 - [TEST_STEP][PASSED] - openBrowser: Browser is opened with url: ''

2018-05-08 16:27:52 - [MESSAGE][PASSED] - Browser is opened with url: ''

2018-05-08 16:27:52 - [TEST_STEP][PASSED] - navigateToUrl: Navigate to 'http://34.213.239.153:8086/' successfully

2018-05-08 16:28:01 - [MESSAGE][PASSED] - Navigate to 'http://34.213.239.153:8086/' successfully

2018-05-08 16:28:01 - [TEST_STEP][PASSED] - setText: Text 'user' is set on object 'Object Repository/TestIncorrectPassword/input_username'

2018-05-08 16:28:01 - [MESSAGE][PASSED] - Text 'user' is set on object 'Object Repository/TestIncorrectPassword/input_username'

2018-05-08 16:28:01 - [TEST_STEP][PASSED] - setText: Text 'hello' is set on object 'Object Repository/TestIncorrectPassword/input_password'

2018-05-08 16:28:01 - [MESSAGE][PASSED] - Text 'hello' is set on object 'Object Repository/TestIncorrectPassword/input_password'

2018-05-08 16:28:01 - [TEST_STEP][PASSED] - click: Object: 'Object Repository/TestIncorrectPassword/button_Login' is clicked on

2018-05-08 16:28:01 - [MESSAGE][PASSED] - Object: 'Object Repository/TestIncorrectPassword/button_Login' is clicked on

2018-05-08 16:28:01 - [TEST_STEP][PASSED] - verifyElementText: Actual text and expected text of test object 'Object Repository/TestIncorrectPassword/label_Usernamepassword is inco' are matched.

2018-05-08 16:28:02 - [MESSAGE][PASSED] - Actual text and expected text of test object 'Object Repository/TestIncorrectPassword/label_Usernamepassword is inco' are matched.

2018-05-08 16:28:02 - [TEST_STEP][PASSED] - closeBrowser: Browser is closed

2018-05-08 16:28:03 - [MESSAGE][PASSED] - Browser is closed]]></system-out>
         <system-err><![CDATA[]]></system-err>
      </testcase>
      <system-out><![CDATA[2018-05-08 16:27:48 - [TEST_SUITE][PASSED] - TestSuiteIncorrectPassword: Test Cases/TestIncorrectPasswordNotification]]></system-out>
      <system-err><![CDATA[]]></system-err>
   </testsuite>
</testsuites>
