<?xml version="1.0" encoding="UTF-8"?>
<testsuites name="LogOutTestSuite" time="21" tests="2" failures="0" errors="0">
   <testsuite name="LogOutTestSuite" tests="2" failures="0" errors="0" time="21" timestamp="2018-05-09 22:34:06" hostname="MSI-GE72VR - MSI" id="Test Suites/LogOutTestSuite">
      <properties>
         <property name="deviceName" value=""/>
         <property name="devicePlatform" value=""/>
         <property name="logFolder" value="C:\\Users\\MSI-GE72VR\\git\\Project234-Katalon\\Reports\\LogOutTestSuite\\20180509_223405"/>
         <property name="logFiles" value="C:\\Users\\MSI-GE72VR\\git\\Project234-Katalon\\Reports\\LogOutTestSuite\\20180509_223405\\execution0.log"/>
         <property name="attachments" value=""/>
         <property name="hostName" value="MSI-GE72VR - MSI"/>
         <property name="os" value="Windows 10 64bit"/>
         <property name="katalonVersion" value="5.4.0.1"/>
         <property name="browser" value="Chrome 66.0.3359.139"/>
         <property name="hostAddress" value="192.168.0.102"/>
         <property name="sessionId" value="f420af7cffddd153a3be4ddda5ca307e"/>
         <property name="seleniumVersion" value="3.7.1"/>
         <property name="proxyInformation" value="ProxyInformation{proxyOption=NO_PROXY, proxyServerType=HTTP, password=, proxyServerAddress=, proxyServerPort=0}"/>
         <property name="platform" value="Windows 10"/>
      </properties>
      <testcase name="Test Cases/logOutTest" classname="Test Cases/logOutTest" status="PASSED">
         <system-out><![CDATA[2018-05-09 22:34:07 - [TEST_CASE][PASSED] - Test Cases/logOutTest: Test Cases/logOutTest

2018-05-09 22:34:07 - [TEST_STEP][PASSED] - openBrowser: Browser is opened with url: ''

2018-05-09 22:34:09 - [MESSAGE][PASSED] - Browser is opened with url: ''

2018-05-09 22:34:10 - [TEST_STEP][PASSED] - navigateToUrl: Navigate to 'http://34.213.239.153:8086/' successfully

2018-05-09 22:34:15 - [MESSAGE][PASSED] - Navigate to 'http://34.213.239.153:8086/' successfully

2018-05-09 22:34:15 - [TEST_STEP][PASSED] - setText: Text 'user' is set on object 'Object Repository/LogOutTest/input_username'

2018-05-09 22:34:16 - [MESSAGE][PASSED] - Text 'user' is set on object 'Object Repository/LogOutTest/input_username'

2018-05-09 22:34:16 - [TEST_STEP][PASSED] - setText: Text 'user' is set on object 'Object Repository/LogOutTest/input_password'

2018-05-09 22:34:16 - [MESSAGE][PASSED] - Text 'user' is set on object 'Object Repository/LogOutTest/input_password'

2018-05-09 22:34:16 - [TEST_STEP][PASSED] - click: Object: 'Object Repository/LogOutTest/button_Login' is clicked on

2018-05-09 22:34:16 - [MESSAGE][PASSED] - Object: 'Object Repository/LogOutTest/button_Login' is clicked on

2018-05-09 22:34:16 - [TEST_STEP][PASSED] - delay: Delayed 1 second(s)

2018-05-09 22:34:17 - [MESSAGE][PASSED] - Delayed 1 second(s)

2018-05-09 22:34:17 - [TEST_STEP][PASSED] - verifyElementText: Actual text and expected text of test object 'Object Repository/LogOutTest/h2_Products' are matched.

2018-05-09 22:34:17 - [MESSAGE][PASSED] - Actual text and expected text of test object 'Object Repository/LogOutTest/h2_Products' are matched.

2018-05-09 22:34:17 - [TEST_STEP][PASSED] - click: Object: 'Object Repository/LogOutTest/button_Logout' is clicked on

2018-05-09 22:34:17 - [MESSAGE][PASSED] - Object: 'Object Repository/LogOutTest/button_Logout' is clicked on

2018-05-09 22:34:17 - [TEST_STEP][PASSED] - verifyElementText: Actual text and expected text of test object 'Object Repository/LogOutTest/h2_Login' are matched.

2018-05-09 22:34:17 - [MESSAGE][PASSED] - Actual text and expected text of test object 'Object Repository/LogOutTest/h2_Login' are matched.

2018-05-09 22:34:17 - [TEST_STEP][PASSED] - closeBrowser: Browser is closed

2018-05-09 22:34:18 - [MESSAGE][PASSED] - Browser is closed]]></system-out>
         <system-err><![CDATA[]]></system-err>
      </testcase>
      <testcase name="Test Cases/logOutTest" classname="Test Cases/logOutTest" status="PASSED">
         <system-out><![CDATA[2018-05-09 22:34:18 - [TEST_CASE][PASSED] - Test Cases/logOutTest: Test Cases/logOutTest

2018-05-09 22:34:18 - [TEST_STEP][PASSED] - openBrowser: Browser is opened with url: ''

2018-05-09 22:34:20 - [MESSAGE][PASSED] - Browser is opened with url: ''

2018-05-09 22:34:20 - [TEST_STEP][PASSED] - navigateToUrl: Navigate to 'http://34.213.239.153:8086/' successfully

2018-05-09 22:34:26 - [MESSAGE][PASSED] - Navigate to 'http://34.213.239.153:8086/' successfully

2018-05-09 22:34:26 - [TEST_STEP][PASSED] - setText: Text 'admin' is set on object 'Object Repository/LogOutTest/input_username'

2018-05-09 22:34:26 - [MESSAGE][PASSED] - Text 'admin' is set on object 'Object Repository/LogOutTest/input_username'

2018-05-09 22:34:26 - [TEST_STEP][PASSED] - setText: Text 'admin' is set on object 'Object Repository/LogOutTest/input_password'

2018-05-09 22:34:26 - [MESSAGE][PASSED] - Text 'admin' is set on object 'Object Repository/LogOutTest/input_password'

2018-05-09 22:34:26 - [TEST_STEP][PASSED] - click: Object: 'Object Repository/LogOutTest/button_Login' is clicked on

2018-05-09 22:34:26 - [MESSAGE][PASSED] - Object: 'Object Repository/LogOutTest/button_Login' is clicked on

2018-05-09 22:34:26 - [TEST_STEP][PASSED] - delay: Delayed 1 second(s)

2018-05-09 22:34:27 - [MESSAGE][PASSED] - Delayed 1 second(s)

2018-05-09 22:34:27 - [TEST_STEP][PASSED] - verifyElementText: Actual text and expected text of test object 'Object Repository/LogOutTest/h2_Products' are matched.

2018-05-09 22:34:27 - [MESSAGE][PASSED] - Actual text and expected text of test object 'Object Repository/LogOutTest/h2_Products' are matched.

2018-05-09 22:34:27 - [TEST_STEP][PASSED] - click: Object: 'Object Repository/LogOutTest/button_Logout' is clicked on

2018-05-09 22:34:27 - [MESSAGE][PASSED] - Object: 'Object Repository/LogOutTest/button_Logout' is clicked on

2018-05-09 22:34:27 - [TEST_STEP][PASSED] - verifyElementText: Actual text and expected text of test object 'Object Repository/LogOutTest/h2_Login' are matched.

2018-05-09 22:34:27 - [MESSAGE][PASSED] - Actual text and expected text of test object 'Object Repository/LogOutTest/h2_Login' are matched.

2018-05-09 22:34:27 - [TEST_STEP][PASSED] - closeBrowser: Browser is closed

2018-05-09 22:34:28 - [MESSAGE][PASSED] - Browser is closed]]></system-out>
         <system-err><![CDATA[]]></system-err>
      </testcase>
      <system-out><![CDATA[2018-05-09 22:34:06 - [TEST_SUITE][PASSED] - LogOutTestSuite: Test Cases/logOutTest]]></system-out>
      <system-err><![CDATA[]]></system-err>
   </testsuite>
</testsuites>
