<?xml version="1.0" encoding="UTF-8"?>
<testsuites name="AdminLoginTestSuite" time="12" tests="1" failures="0" errors="0">
   <testsuite name="AdminLoginTestSuite" tests="1" failures="0" errors="0" time="12" timestamp="2018-05-08 17:00:14" hostname="MSI-GE72VR - 10.80.124.224" id="Test Suites/AdminLoginTestSuite">
      <properties>
         <property name="deviceName" value=""/>
         <property name="devicePlatform" value=""/>
         <property name="logFolder" value="C:\\Users\\MSI-GE72VR\\git\\Project234-Katalon\\Reports\\AdminLoginTestSuite\\20180508_170013"/>
         <property name="logFiles" value="C:\\Users\\MSI-GE72VR\\git\\Project234-Katalon\\Reports\\AdminLoginTestSuite\\20180508_170013\\execution0.log"/>
         <property name="attachments" value=""/>
         <property name="hostName" value="MSI-GE72VR - 10.80.124.224"/>
         <property name="os" value="Windows 10 64bit"/>
         <property name="katalonVersion" value="5.4.0.1"/>
         <property name="browser" value="Chrome 66.0.3359.139"/>
         <property name="hostAddress" value="10.80.124.224"/>
         <property name="sessionId" value="9c306fdd2c758fe0b91bd73237031b8f"/>
         <property name="seleniumVersion" value="3.7.1"/>
         <property name="proxyInformation" value="ProxyInformation{proxyOption=NO_PROXY, proxyServerType=HTTP, password=, proxyServerAddress=, proxyServerPort=0}"/>
         <property name="platform" value="Windows 10"/>
      </properties>
      <testcase name="Test Cases/TestAdminLogin" classname="Test Cases/TestAdminLogin" status="PASSED">
         <system-out><![CDATA[2018-05-08 17:00:14 - [TEST_CASE][PASSED] - Test Cases/TestAdminLogin: Test Cases/TestAdminLogin

2018-05-08 17:00:15 - [TEST_STEP][PASSED] - openBrowser: Browser is opened with url: ''

2018-05-08 17:00:18 - [MESSAGE][PASSED] - Browser is opened with url: ''

2018-05-08 17:00:18 - [TEST_STEP][PASSED] - navigateToUrl: Navigate to 'http://34.213.239.153:8086/' successfully

2018-05-08 17:00:25 - [MESSAGE][PASSED] - Navigate to 'http://34.213.239.153:8086/' successfully

2018-05-08 17:00:25 - [TEST_STEP][PASSED] - setText: Text 'admin' is set on object 'Object Repository/TestLoginAsAdmin/input_username'

2018-05-08 17:00:25 - [MESSAGE][PASSED] - Text 'admin' is set on object 'Object Repository/TestLoginAsAdmin/input_username'

2018-05-08 17:00:25 - [TEST_STEP][PASSED] - setText: Text 'admin' is set on object 'Object Repository/TestLoginAsAdmin/input_password'

2018-05-08 17:00:25 - [MESSAGE][PASSED] - Text 'admin' is set on object 'Object Repository/TestLoginAsAdmin/input_password'

2018-05-08 17:00:25 - [TEST_STEP][PASSED] - click: Object: 'Object Repository/TestLoginAsAdmin/button_Login' is clicked on

2018-05-08 17:00:25 - [MESSAGE][PASSED] - Object: 'Object Repository/TestLoginAsAdmin/button_Login' is clicked on

2018-05-08 17:00:25 - [TEST_STEP][PASSED] - verifyElementText: Actual text and expected text of test object 'Object Repository/TestLoginAsAdmin/a_Products' are matched.

2018-05-08 17:00:26 - [MESSAGE][PASSED] - Actual text and expected text of test object 'Object Repository/TestLoginAsAdmin/a_Products' are matched.

2018-05-08 17:00:26 - [TEST_STEP][PASSED] - verifyElementText: Actual text and expected text of test object 'Object Repository/TestLoginAsAdmin/a_Total Transaction' are matched.

2018-05-08 17:00:26 - [MESSAGE][PASSED] - Actual text and expected text of test object 'Object Repository/TestLoginAsAdmin/a_Total Transaction' are matched.

2018-05-08 17:00:26 - [TEST_STEP][PASSED] - closeBrowser: Browser is closed

2018-05-08 17:00:27 - [MESSAGE][PASSED] - Browser is closed]]></system-out>
         <system-err><![CDATA[]]></system-err>
      </testcase>
      <system-out><![CDATA[2018-05-08 17:00:14 - [TEST_SUITE][PASSED] - AdminLoginTestSuite: Test Cases/TestAdminLogin]]></system-out>
      <system-err><![CDATA[]]></system-err>
   </testsuite>
</testsuites>
